Create server socket success!
Bind server socket success in port 8002 success!
Start a server!
Create server socket success!
Bind server socket success in port 8003 success!
Start a server!
Create server socket success!
Bind server socket success in port 8004 success!
Start a server!
Created tablet directory: "tablet_0"
Created tablet directory: "tablet_1"
Created tablet directory: "tablet_2"
Created tablet directory: "tablet_3"
Created tablet directory: "tablet_4"
Created tablet directory: "tablet_5"
Created tablet directory: "tablet_6"
Created tablet directory: "tablet_7"
Created tablet directory: "tablet_8"
Created tablet directory: "tablet_9"
Create server socket success!
Bind server socket success in port 8005 success!
Start a server!
Create server socket success!
Bind server socket success in port 8000 success!
Start a server!
Coordinator started, listening on port 8000
Worker thread 139623470372608 waiting for request...
Waiting for client connection...
Worker thread 139623461979904 waiting for request...
Waiting for client connection...
Worker thread 139623453587200 waiting for request...
Waiting for client connection...
Worker thread 139623445194496 waiting for request...
Waiting for client connection...
Client connection accepted
Start to read from socket.
Calling read(), waiting for data...
Read 58 bytes from socket
End to read from socket. Total bytes read: 58
Read this content: method:GET_ACCOUNT
username:testuser
password:testpassword
In parseRequest
End parseRequest
Worker thread 139623470372608 received request: method=GET_ACCOUNT, args=
  - testuser
  - testpassword
In Coordinator::processRequest
Received request: method=GET_ACCOUNT, args=
  - testuser
  - testpassword
In GET_ACCOUNT
Worker thread 139623470372608 sending response: success=0, result=INVALID_GET_ACCOUNT_REQUEST
Worker thread 139623470372608 waiting for request...
Waiting for client connection...
